<?xml version="1.0" encoding="UTF-8"?>
<!-- Generated by org.testng.reporters.JUnitXMLReporter -->
<testsuite ignored="0" hostname="DESKTOP-PR20HCE" failures="1" tests="2" name="Surefire test" time="22.58" errors="0" timestamp="2023-03-17T19:46:19 IST">
  <testcase classname="io.cucumber.testng.AbstractTestNGCucumberTests" name="runScenario" time="19.743">
    <failure type="java.lang.AssertionError" message="expected [Beetroot] but found [No data]">
      <![CDATA[java.lang.AssertionError: expected [Beetroot] but found [No data]
at stepDefinitions.OfferPageStepDefinition.verify_that_product_name_from_offer_page_is_matching_with_the_product_name_from_offer_page(OfferPageStepDefinition.java:64)
at ✽.Verify that productName from offer page is matching with the productName from offer page(file:///D:/eclipse-workspace/CucumberFramework/src/test/java/features/searchProduct.feature:8)
... Removed 6 stack frames]]>
    </failure>
  </testcase> <!-- runScenario -->
  <testcase classname="io.cucumber.testng.AbstractTestNGCucumberTests" name="runScenario" time="19.949"/>
</testsuite> <!-- Surefire test -->
